<?xml version="1.0" encoding="UTF-8"?>
<testsuite xmlns:xsi="http://www.w3.org/2001/XMLSchema-instance" xsi:noNamespaceSchemaLocation="https://maven.apache.org/surefire/maven-surefire-plugin/xsd/surefire-test-report-3.0.xsd" version="3.0" name="com.sosgame.GameControllerReplayTest" time="17.541" tests="6" errors="0" skipped="0" failures="0">
  <properties>
[...]
</properties>
  <testcase name="testReplayEndsWhenAllMovesAreConsumed" classname="com.sosgame.GameControllerReplayTest" time="4.459"/>
  <testcase name="testIsReplayModeReturnsFalseInitially" classname="com.sosgame.GameControllerReplayTest" time="0.002"/>
  <testcase name="testIsReplayModeReturnsTrueDuringReplay" classname="com.sosgame.GameControllerReplayTest" time="3.021"/>
  <testcase name="testReplayWithGeneralMode" classname="com.sosgame.GameControllerReplayTest" time="3.018"/>
  <testcase name="testStartReplayReplaysMovesInCorrectOrder" classname="com.sosgame.GameControllerReplayTest" time="4.018"/>
  <testcase name="testReplayCallbackIsCalled" classname="com.sosgame.GameControllerReplayTest" time="3.017"/>
</testsuite>